/index.php (Status: 200)
/.htaccess (Status: 403)
/.htaccess.php (Status: 403)
/.htaccess.txt (Status: 403)
/.htaccess.html (Status: 403)
/.html (Status: 403)
/.html.txt (Status: 403)
/.html.html (Status: 403)
/.html.php (Status: 403)
/.php (Status: 403)
/.htpasswd (Status: 403)
/.htpasswd.php (Status: 403)
/.htpasswd.txt (Status: 403)
/.htpasswd.html (Status: 403)
/.htm (Status: 403)
/.htm.php (Status: 403)
/.htm.txt (Status: 403)
/.htm.html (Status: 403)
/.htpasswds (Status: 403)
/.htpasswds.php (Status: 403)
/.htpasswds.txt (Status: 403)
/.htpasswds.html (Status: 403)
