/search (Status: 301)
/default (Status: 200)
/members (Status: 301)
/Default (Status: 200)
/assets (Status: 301)
/plugins (Status: 301)
/Search (Status: 301)
/install (Status: 301)
/lib (Status: 301)
/developer (Status: 301)
/Members (Status: 301)
/js (Status: 301)
/create (Status: 301)
/preview (Status: 302)
/config (Status: 301)
/application (Status: 200)
/settings (Status: 301)
/webservices (Status: 301)
/translation (Status: 301)
/INSTALL (Status: 301)
/dashboard (Status: 301)
/views (Status: 301)
/actions (Status: 301)
/Assets (Status: 301)
/controls (Status: 301)
/JS (Status: 301)
/Translation (Status: 301)
/Plugins (Status: 301)
/Developer (Status: 301)
/Controls (Status: 301)
/Install (Status: 301)
/Application (Status: 200)
/Config (Status: 301)
/Preview (Status: 302)
/Dashboard (Status: 301)
/SEARCH (Status: 301)
/WebServices (Status: 301)
/Lib (Status: 301)
/Create (Status: 301)
/SETTINGS (Status: 301)
/DEFAULT (Status: 200)
/Views (Status: 301)
/MEMBERS (Status: 301)
/CONFIG (Status: 301)
/masterpages (Status: 301)
/MasterPages (Status: 301)
