/blog (Status: 200)
/blog.aspx (Status: 200)
/contact (Status: 200)
/contact.aspx (Status: 200)
/products (Status: 200)
/products.aspx (Status: 200)
/home (Status: 200)
/home.aspx (Status: 200)
/default.aspx (Status: 200)
/people (Status: 200)
/people.aspx (Status: 200)
/Default.aspx (Status: 200)
/Home (Status: 200)
/Home.aspx (Status: 200)
/Products (Status: 200)
/Products.aspx (Status: 200)
/Contact (Status: 200)
/Contact.aspx (Status: 200)
/install (Status: 302)
/Blog (Status: 200)
/Blog.aspx (Status: 200)
/about-us (Status: 200)
/about-us.aspx (Status: 200)
/People (Status: 200)
/People.aspx (Status: 200)
/INSTALL (Status: 302)
/1112 (Status: 200)
/1112.aspx (Status: 200)
/intranet (Status: 200)
/intranet.aspx (Status: 200)
/1117 (Status: 200)
/1117.aspx (Status: 200)
/1114 (Status: 200)
/1114.aspx (Status: 200)
/1115 (Status: 200)
/1115.aspx (Status: 200)
/1113 (Status: 200)
/1113.aspx (Status: 200)
/person (Status: 200)
/person.aspx (Status: 200)
/1119 (Status: 200)
/1119.aspx (Status: 200)
/1107 (Status: 200)
/1107.aspx (Status: 200)
/1125 (Status: 200)
/1125.aspx (Status: 200)
/1109 (Status: 200)
/1109.aspx (Status: 200)
/1106 (Status: 200)
/1106.aspx (Status: 200)
/1127 (Status: 200)
/1127.aspx (Status: 200)
/1110 (Status: 200)
/1110.aspx (Status: 200)
/1116 (Status: 200)
/1116.aspx (Status: 200)
/1120 (Status: 200)
/1120.aspx (Status: 200)
/1122 (Status: 200)
/1122.aspx (Status: 200)
/1111 (Status: 200)
/1111.aspx (Status: 200)
/1129 (Status: 200)
/1129.aspx (Status: 200)
/1123 (Status: 200)
/1123.aspx (Status: 200)
/1124 (Status: 200)
/1124.aspx (Status: 200)
/1121 (Status: 200)
/1121.aspx (Status: 200)
/1128 (Status: 200)
/1128.aspx (Status: 200)
/1148 (Status: 200)
/1148.aspx (Status: 200)
/1126 (Status: 200)
/1126.aspx (Status: 200)
/1118 (Status: 200)
/1118.aspx (Status: 200)
/1108 (Status: 200)
/1108.aspx (Status: 200)
/Intranet (Status: 200)
/Intranet.aspx (Status: 200)
/HOME (Status: 200)
/HOME.aspx (Status: 200)
/Install (Status: 302)
/About-Us (Status: 200)
/About-Us.aspx (Status: 200)
/CONTACT (Status: 200)
/CONTACT.aspx (Status: 200)
/001110 (Status: 200)
/001110.aspx (Status: 200)
/001117 (Status: 200)
/001117.aspx (Status: 200)
/001106 (Status: 200)
/001106.aspx (Status: 200)
/001108 (Status: 200)
/001108.aspx (Status: 200)
/001115 (Status: 200)
/001115.aspx (Status: 200)
/001109 (Status: 200)
/001109.aspx (Status: 200)
/01119 (Status: 200)
/01119.aspx (Status: 200)
/001121 (Status: 200)
/001121.aspx (Status: 200)
/001119 (Status: 200)
/001119.aspx (Status: 200)
/001118 (Status: 200)
/001118.aspx (Status: 200)
/001116 (Status: 200)
/001116.aspx (Status: 200)
/001123 (Status: 200)
/001123.aspx (Status: 200)
/001124 (Status: 200)
/001124.aspx (Status: 200)
/001122 (Status: 200)
/001122.aspx (Status: 200)
/01118 (Status: 200)
/01118.aspx (Status: 200)
/001126 (Status: 200)
/001126.aspx (Status: 200)
/001127 (Status: 200)
/001127.aspx (Status: 200)
/PRODUCTS (Status: 200)
/PRODUCTS.aspx (Status: 200)
/001148 (Status: 200)
/001148.aspx (Status: 200)
/001125 (Status: 200)
/001125.aspx (Status: 200)
/DEFAULT.aspx (Status: 200)
/001128 (Status: 200)
/001128.aspx (Status: 200)
/001112 (Status: 200)
/001112.aspx (Status: 200)
/01106 (Status: 200)
/01106.aspx (Status: 200)
/01109 (Status: 200)
/01109.aspx (Status: 200)
/01114 (Status: 200)
/01114.aspx (Status: 200)
/Person (Status: 200)
/Person.aspx (Status: 200)
/PEOPLE (Status: 200)
/PEOPLE.aspx (Status: 200)
/01117 (Status: 200)
/01117.aspx (Status: 200)
