/images (Status: 200)
/images.php (Status: 200)
/images.php4 (Status: 200)
/images.html (Status: 200)
/news (Status: 200)
/news.php (Status: 200)
/news.php4 (Status: 200)
/news.html (Status: 200)
/download (Status: 200)
/download.php4 (Status: 200)
/download.html (Status: 200)
/download.php (Status: 200)
/2006 (Status: 200)
/2006.html (Status: 200)
/2006.php (Status: 200)
/2006.php4 (Status: 200)
/index (Status: 200)
/index.php (Status: 200)
/index.php4 (Status: 200)
/index.html (Status: 200)
/12 (Status: 200)
/12.php (Status: 200)
/12.php4 (Status: 200)
/12.html (Status: 200)
/warez (Status: 200)
/warez.php (Status: 200)
/warez.php4 (Status: 200)
/warez.html (Status: 200)
/full (Status: 200)
/full.html (Status: 200)
/full.php (Status: 200)
/full.php4 (Status: 200)
/serial (Status: 200)
/serial.php (Status: 200)
/serial.php4 (Status: 200)
/serial.html (Status: 200)
/crack (Status: 200)
/crack.php (Status: 200)
/crack.php4 (Status: 200)
/crack.html (Status: 200)
/contact (Status: 200)
/contact.html (Status: 200)
/contact.php (Status: 200)
/contact.php4 (Status: 200)
/about (Status: 200)
/about.php (Status: 200)
/about.php4 (Status: 200)
/about.html (Status: 200)
/privacy (Status: 200)
/privacy.html (Status: 200)
/privacy.php (Status: 200)
/privacy.php4 (Status: 200)
/search (Status: 200)
/search.html (Status: 200)
/search.php (Status: 200)
/search.php4 (Status: 200)
/spacer (Status: 200)
/spacer.php (Status: 200)
/spacer.php4 (Status: 200)
/spacer.html (Status: 200)
/logo (Status: 200)
/logo.php (Status: 200)
/logo.php4 (Status: 200)
/logo.html (Status: 200)
/11 (Status: 200)
/11.html (Status: 200)
/11.php (Status: 200)
/11.php4 (Status: 200)
/blog (Status: 200)
/blog.php (Status: 200)
/blog.php4 (Status: 200)
/blog.html (Status: 200)
/10 (Status: 200)
/10.php (Status: 200)
/10.php4 (Status: 200)
/10.html (Status: 200)
/new (Status: 200)
/new.html (Status: 200)
/new.php (Status: 200)
/new.php4 (Status: 200)
/faq (Status: 200)
/faq.php (Status: 200)
/faq.php4 (Status: 200)
/faq.html (Status: 200)
/cgi-bin (Status: 200)
/cgi-bin.php (Status: 200)
/cgi-bin.php4 (Status: 200)
/cgi-bin.html (Status: 200)
/rss (Status: 200)
/rss.php (Status: 200)
/rss.php4 (Status: 200)
/rss.html (Status: 200)
/home (Status: 200)
/home.php (Status: 200)
/home.php4 (Status: 200)
/home.html (Status: 200)
/img (Status: 200)
/img.php (Status: 200)
/img.php4 (Status: 200)
/img.html (Status: 200)
/default (Status: 200)
/default.php4 (Status: 200)
/default.html (Status: 200)
/default.php (Status: 200)
/products (Status: 200)
/products.php (Status: 200)
/products.php4 (Status: 200)
/products.html (Status: 200)
/sitemap (Status: 200)
/sitemap.php (Status: 200)
/sitemap.php4 (Status: 200)
/sitemap.html (Status: 200)
/archives (Status: 200)
/archives.php (Status: 200)
/archives.php4 (Status: 200)
/archives.html (Status: 200)
/2005 (Status: 200)
/2005.php (Status: 200)
/2005.php4 (Status: 200)
/2005.html (Status: 200)
/1 (Status: 200)
/1.php (Status: 200)
/1.php4 (Status: 200)
/1.html (Status: 200)
/09 (Status: 200)
/09.html (Status: 200)
/09.php (Status: 200)
/09.php4 (Status: 200)
/links (Status: 200)
/links.php (Status: 200)
/links.php4 (Status: 200)
/links.html (Status: 200)
/08 (Status: 200)
/08.php (Status: 200)
/08.php4 (Status: 200)
/08.html (Status: 200)
/01 (Status: 200)
/01.php (Status: 200)
/01.php4 (Status: 200)
/01.html (Status: 200)
/07 (Status: 200)
/07.php (Status: 200)
/07.php4 (Status: 200)
/07.html (Status: 200)
/06 (Status: 200)
/06.php (Status: 200)
/06.php4 (Status: 200)
/06.html (Status: 200)
/2 (Status: 200)
/2.html (Status: 200)
/2.php (Status: 200)
/2.php4 (Status: 200)
/login (Status: 200)
/login.html (Status: 200)
/login.php (Status: 200)
/login.php4 (Status: 200)
/articles (Status: 200)
/articles.php (Status: 200)
/articles.php4 (Status: 200)
/articles.html (Status: 200)
/05 (Status: 200)
/05.php (Status: 200)
/05.php4 (Status: 200)
/05.html (Status: 200)
/support (Status: 200)
/support.php (Status: 200)
/support.php4 (Status: 200)
/support.html (Status: 200)
/keygen (Status: 200)
/keygen.php (Status: 200)
/keygen.php4 (Status: 200)
/keygen.html (Status: 200)
/article (Status: 200)
/article.php (Status: 200)
/article.php4 (Status: 200)
/article.html (Status: 200)
/03 (Status: 200)
/03.php (Status: 200)
/03.php4 (Status: 200)
/03.html (Status: 200)
/04 (Status: 200)
/04.php (Status: 200)
/04.php4 (Status: 200)
/04.html (Status: 200)
/help (Status: 200)
/help.php (Status: 200)
/help.php4 (Status: 200)
/help.html (Status: 200)
/events (Status: 200)
/events.php (Status: 200)
/events.php4 (Status: 200)
/events.html (Status: 200)
/archive (Status: 200)
/archive.php (Status: 200)
/archive.php4 (Status: 200)
/archive.html (Status: 200)
/02 (Status: 200)
/02.php4 (Status: 200)
/02.html (Status: 200)
/02.php (Status: 200)
/register (Status: 200)
/register.html (Status: 200)
/register.php (Status: 200)
/register.php4 (Status: 200)
/forum (Status: 200)
/forum.php4 (Status: 200)
/forum.html (Status: 200)
/forum.php (Status: 200)
/software (Status: 200)
/software.html (Status: 200)
/software.php (Status: 200)
/software.php4 (Status: 200)
/en (Status: 200)
/en.php (Status: 200)
/en.php4 (Status: 200)
/en.html (Status: 200)
/3 (Status: 200)
/3.html (Status: 200)
/3.php (Status: 200)
/3.php4 (Status: 200)
/downloads (Status: 200)
/downloads.php (Status: 200)
/downloads.php4 (Status: 200)
/downloads.html (Status: 200)
/security (Status: 200)
/security.php (Status: 200)
/security.php4 (Status: 200)
/security.html (Status: 200)
/13 (Status: 200)
/13.php (Status: 200)
/13.php4 (Status: 200)
/13.html (Status: 200)
/category (Status: 200)
/category.html (Status: 200)
/category.php (Status: 200)
/category.php4 (Status: 200)
/4 (Status: 200)
/4.php (Status: 200)
/4.php4 (Status: 200)
/4.html (Status: 200)
/content (Status: 200)
/content.php (Status: 200)
/content.php4 (Status: 200)
/content.html (Status: 200)
/main (Status: 200)
/main.php (Status: 200)
/main.php4 (Status: 200)
/main.html (Status: 200)
/14 (Status: 200)
/14.php (Status: 200)
/14.php4 (Status: 200)
/14.html (Status: 200)
/15 (Status: 200)
/15.php (Status: 200)
/15.php4 (Status: 200)
/15.html (Status: 200)
/press (Status: 200)
/press.php (Status: 200)
/press.php4 (Status: 200)
/press.html (Status: 200)
/media (Status: 200)
/media.php (Status: 200)
/media.php4 (Status: 200)
/media.html (Status: 200)
/templates (Status: 200)
/templates.php (Status: 200)
/templates.php4 (Status: 200)
/templates.html (Status: 200)
/services (Status: 200)
/services.php4 (Status: 200)
/services.html (Status: 200)
/services.php (Status: 200)
/icons (Status: 200)
/icons.php (Status: 200)
/icons.php4 (Status: 200)
/icons.html (Status: 200)
/resources (Status: 200)
/resources.html (Status: 200)
/resources.php (Status: 200)
/resources.php4 (Status: 200)
/info (Status: 200)
/info.php (Status: 200)
/info.php4 (Status: 200)
/info.html (Status: 200)
/16 (Status: 200)
/16.php (Status: 200)
/16.php4 (Status: 200)
/16.html (Status: 200)
/profile (Status: 200)
/profile.php (Status: 200)
/profile.php4 (Status: 200)
/profile.html (Status: 200)
/2004 (Status: 200)
/2004.php (Status: 200)
/2004.php4 (Status: 200)
/2004.html (Status: 200)
/18 (Status: 200)
/18.php4 (Status: 200)
/18.html (Status: 200)
/18.php (Status: 200)
/docs (Status: 200)
/docs.php (Status: 200)
/docs.php4 (Status: 200)
/docs.html (Status: 200)
/contactus (Status: 200)
/contactus.php (Status: 200)
/contactus.php4 (Status: 200)
/contactus.html (Status: 200)
/html (Status: 200)
/html.php (Status: 200)
/html.php4 (Status: 200)
/html.html (Status: 200)
/files (Status: 200)
/files.php (Status: 200)
/files.php4 (Status: 200)
/files.html (Status: 200)
/features (Status: 200)
/features.php (Status: 200)
/features.php4 (Status: 200)
/features.html (Status: 200)
/20 (Status: 200)
/20.php4 (Status: 200)
/20.html (Status: 200)
/20.php (Status: 200)
/21 (Status: 200)
/21.php (Status: 200)
/21.php4 (Status: 200)
/21.html (Status: 200)
/5 (Status: 200)
/5.php (Status: 200)
/5.php4 (Status: 200)
/5.html (Status: 200)
/page (Status: 200)
/page.php (Status: 200)
/page.php4 (Status: 200)
/page.html (Status: 200)
/22 (Status: 200)
/22.php4 (Status: 200)
/22.html (Status: 200)
/22.php (Status: 200)
/6 (Status: 200)
/6.php (Status: 200)
/6.php4 (Status: 200)
/6.html (Status: 200)
/19 (Status: 200)
/19.php (Status: 200)
/19.php4 (Status: 200)
/19.html (Status: 200)
/misc (Status: 200)
/misc.php4 (Status: 200)
/misc.html (Status: 200)
/misc.php (Status: 200)
/partners (Status: 200)
/partners.php (Status: 200)
/partners.php4 (Status: 200)
/partners.html (Status: 200)
/24 (Status: 200)
/24.html (Status: 200)
/24.php (Status: 200)
/24.php4 (Status: 200)
/terms (Status: 200)
/terms.php (Status: 200)
/terms.php4 (Status: 200)
/terms.html (Status: 200)
/2007 (Status: 200)
/2007.php (Status: 200)
/2007.php4 (Status: 200)
/2007.html (Status: 200)
/23 (Status: 200)
/23.php (Status: 200)
/23.php4 (Status: 200)
/23.html (Status: 200)
/i (Status: 200)
/i.php (Status: 200)
/i.php4 (Status: 200)
/i.html (Status: 200)
/17 (Status: 200)
/17.php4 (Status: 200)
/17.html (Status: 200)
/17.php (Status: 200)
/27 (Status: 200)
/27.php (Status: 200)
/27.php4 (Status: 200)
/27.html (Status: 200)
/26 (Status: 200)
/26.php4 (Status: 200)
/26.html (Status: 200)
/26.php (Status: 200)
/9 (Status: 200)
/9.html (Status: 200)
/9.php (Status: 200)
/9.php4 (Status: 200)
/top (Status: 200)
/top.php (Status: 200)
/top.php4 (Status: 200)
/top.html (Status: 200)
/legal (Status: 200)
/legal.php (Status: 200)
/legal.php4 (Status: 200)
/legal.html (Status: 200)
/30 (Status: 200)
/30.html (Status: 200)
/30.php (Status: 200)
/30.php4 (Status: 200)
/banners (Status: 200)
/banners.php (Status: 200)
/banners.php4 (Status: 200)
/banners.html (Status: 200)
/29 (Status: 200)
/29.php (Status: 200)
/29.php4 (Status: 200)
/29.html (Status: 200)
/28 (Status: 200)
/28.php (Status: 200)
/28.php4 (Status: 200)
/28.html (Status: 200)
/projects (Status: 200)
/projects.php (Status: 200)
/projects.php4 (Status: 200)
/projects.html (Status: 200)
/xml (Status: 200)
/xml.php (Status: 200)
/xml.php4 (Status: 200)
/xml.html (Status: 200)
/tools (Status: 200)
/tools.php (Status: 200)
/tools.php4 (Status: 200)
/tools.html (Status: 200)
/7 (Status: 200)
/7.php (Status: 200)
/7.php4 (Status: 200)
/7.html (Status: 200)
/25 (Status: 200)
/25.html (Status: 200)
/25.php (Status: 200)
/25.php4 (Status: 200)
/0 (Status: 200)
/0.php (Status: 200)
/0.php4 (Status: 200)
/0.html (Status: 200)
/user (Status: 200)
/user.php4 (Status: 200)
/user.html (Status: 200)
/user.php (Status: 200)
/feed (Status: 200)
/feed.php (Status: 200)
/feed.php4 (Status: 200)
/feed.html (Status: 200)
/themes (Status: 200)
/themes.php4 (Status: 200)
/themes.html (Status: 200)
/themes.php (Status: 200)
/forums (Status: 200)
/forums.html (Status: 200)
/forums.php (Status: 200)
/forums.php4 (Status: 200)
/jobs (Status: 200)
/jobs.php (Status: 200)
/jobs.php4 (Status: 200)
/jobs.html (Status: 200)
/linux (Status: 200)
/linux.php (Status: 200)
/linux.php4 (Status: 200)
/linux.html (Status: 200)
/business (Status: 200)
/business.php (Status: 200)
/business.php4 (Status: 200)
/business.html (Status: 200)
/8 (Status: 200)
/8.php (Status: 200)
/8.php4 (Status: 200)
/8.html (Status: 200)
/video (Status: 200)
/video.php (Status: 200)
/video.php4 (Status: 200)
/video.html (Status: 200)
/email (Status: 200)
/email.html (Status: 200)
/email.php (Status: 200)
/email.php4 (Status: 200)
/books (Status: 200)
/books.php (Status: 200)
/books.php4 (Status: 200)
/books.html (Status: 200)
/banner (Status: 200)
/banner.php4 (Status: 200)
/banner.html (Status: 200)
/banner.php (Status: 200)
/reviews (Status: 200)
/reviews.php4 (Status: 200)
/reviews.html (Status: 200)
/reviews.php (Status: 200)
/view (Status: 200)
/view.html (Status: 200)
/view.php (Status: 200)
/view.php4 (Status: 200)
/graphics (Status: 200)
/graphics.php (Status: 200)
/graphics.php4 (Status: 200)
/graphics.html (Status: 200)
/research (Status: 200)
/research.php (Status: 200)
/research.php4 (Status: 200)
/research.html (Status: 200)
/feedback (Status: 200)
/feedback.php (Status: 200)
/feedback.php4 (Status: 200)
/feedback.html (Status: 200)
/print (Status: 200)
/print.php (Status: 200)
/print.php4 (Status: 200)
/print.html (Status: 200)
/pdf (Status: 200)
/pdf.html (Status: 200)
/pdf.php (Status: 200)
/pdf.php4 (Status: 200)
/ads (Status: 200)
/ads.php (Status: 200)
/ads.php4 (Status: 200)
/ads.html (Status: 200)
/modules (Status: 200)
/modules.php (Status: 200)
/modules.php4 (Status: 200)
/modules.html (Status: 200)
/2003 (Status: 200)
/2003.php (Status: 200)
/2003.php4 (Status: 200)
/2003.html (Status: 200)
/company (Status: 200)
/company.php (Status: 200)
/company.php4 (Status: 200)
/company.html (Status: 200)
/blank (Status: 200)
/blank.html (Status: 200)
/blank.php (Status: 200)
/blank.php4 (Status: 200)
/games (Status: 200)
/games.php (Status: 200)
/games.php4 (Status: 200)
/games.html (Status: 200)
/pub (Status: 200)
/pub.php (Status: 200)
/pub.php4 (Status: 200)
/pub.html (Status: 200)
/copyright (Status: 200)
/copyright.php (Status: 200)
/copyright.php4 (Status: 200)
/copyright.html (Status: 200)
/common (Status: 200)
/common.php4 (Status: 200)
/common.html (Status: 200)
/common.php (Status: 200)
/site (Status: 200)
/site.php4 (Status: 200)
/site.html (Status: 200)
/site.php (Status: 200)
/comments (Status: 200)
/comments.php (Status: 200)
/comments.php4 (Status: 200)
/comments.html (Status: 200)
/people (Status: 200)
/people.php4 (Status: 200)
/people.html (Status: 200)
/people.php (Status: 200)
/aboutus (Status: 200)
/aboutus.html (Status: 200)
/aboutus.php (Status: 200)
/aboutus.php4 (Status: 200)
/sports (Status: 200)
/sports.php (Status: 200)
/sports.php4 (Status: 200)
/sports.html (Status: 200)
/product (Status: 200)
/product.php (Status: 200)
/product.php4 (Status: 200)
/product.html (Status: 200)
/logos (Status: 200)
/logos.php (Status: 200)
/logos.php4 (Status: 200)
/logos.html (Status: 200)
/buttons (Status: 200)
/buttons.php (Status: 200)
/buttons.php4 (Status: 200)
/buttons.html (Status: 200)
/story (Status: 200)
/story.php (Status: 200)
/story.php4 (Status: 200)
/story.html (Status: 200)
/image (Status: 200)
/image.php (Status: 200)
/image.php4 (Status: 200)
/image.html (Status: 200)
/english (Status: 200)
/english.php (Status: 200)
/english.php4 (Status: 200)
/english.html (Status: 200)
/uploads (Status: 200)
/uploads.php (Status: 200)
/uploads.php4 (Status: 200)
/uploads.html (Status: 200)
/31 (Status: 200)
/31.php (Status: 200)
/31.php4 (Status: 200)
/31.html (Status: 200)
/subscribe (Status: 200)
/subscribe.php (Status: 200)
/subscribe.php4 (Status: 200)
/subscribe.html (Status: 200)
/blogs (Status: 200)
/blogs.php (Status: 200)
/blogs.php4 (Status: 200)
/blogs.html (Status: 200)
/gallery (Status: 200)
/gallery.php (Status: 200)
/gallery.php4 (Status: 200)
/gallery.html (Status: 200)
/newsletter (Status: 200)
/newsletter.php4 (Status: 200)
/newsletter.html (Status: 200)
/newsletter.php (Status: 200)
/atom (Status: 200)
/atom.php (Status: 200)
/atom.php4 (Status: 200)
/atom.html (Status: 200)
/stats (Status: 200)
/stats.html (Status: 200)
/stats.php (Status: 200)
/stats.php4 (Status: 200)
/music (Status: 200)
/music.php (Status: 200)
/music.php4 (Status: 200)
/music.html (Status: 200)
/pages (Status: 200)
/pages.php (Status: 200)
/pages.php4 (Status: 200)
/pages.html (Status: 200)
/careers (Status: 200)
/careers.php4 (Status: 200)
/careers.html (Status: 200)
/careers.php (Status: 200)
/publications (Status: 200)
/publications.html (Status: 200)
/publications.php (Status: 200)
/publications.php4 (Status: 200)
/technology (Status: 200)
/technology.php (Status: 200)
/technology.php4 (Status: 200)
/technology.html (Status: 200)
/calendar (Status: 200)
/calendar.php (Status: 200)
/calendar.php4 (Status: 200)
/calendar.html (Status: 200)
/stories (Status: 200)
/stories.php (Status: 200)
/stories.php4 (Status: 200)
/stories.html (Status: 200)
/photos (Status: 200)
/photos.php (Status: 200)
/photos.php4 (Status: 200)
/photos.html (Status: 200)
/papers (Status: 200)
/papers.html (Status: 200)
/papers.php (Status: 200)
/papers.php4 (Status: 200)
/community (Status: 200)
/community.php (Status: 200)
/community.php4 (Status: 200)
/community.html (Status: 200)
/data (Status: 200)
/data.php (Status: 200)
/data.php4 (Status: 200)
/data.html (Status: 200)
/history (Status: 200)
/history.html (Status: 200)
/history.php (Status: 200)
/history.php4 (Status: 200)
/arrow (Status: 200)
/arrow.html (Status: 200)
/arrow.php (Status: 200)
/arrow.php4 (Status: 200)
/submit (Status: 200)
/submit.php (Status: 200)
/submit.php4 (Status: 200)
/submit.html (Status: 200)
/www (Status: 200)
/www.php (Status: 200)
/www.php4 (Status: 200)
/www.html (Status: 200)
/s (Status: 200)
/s.php (Status: 200)
/s.php4 (Status: 200)
/s.html (Status: 200)
/library (Status: 200)
/library.php4 (Status: 200)
/library.html (Status: 200)
/library.php (Status: 200)
/web (Status: 200)
/web.php (Status: 200)
/web.php4 (Status: 200)
/web.html (Status: 200)
/header (Status: 200)
/header.php (Status: 200)
/header.php4 (Status: 200)
/header.html (Status: 200)
/wiki (Status: 200)
/wiki.php (Status: 200)
/wiki.php4 (Status: 200)
/wiki.html (Status: 200)
/go (Status: 200)
/go.php (Status: 200)
/go.php4 (Status: 200)
/go.html (Status: 200)
/internet (Status: 200)
/internet.php4 (Status: 200)
/internet.html (Status: 200)
/internet.php (Status: 200)
/education (Status: 200)
/education.php (Status: 200)
/education.php4 (Status: 200)
/education.html (Status: 200)
/in (Status: 200)
/in.php (Status: 200)
/in.php4 (Status: 200)
/in.html (Status: 200)
/b (Status: 200)
/b.php (Status: 200)
/b.php4 (Status: 200)
/b.html (Status: 200)
/advertise (Status: 200)
/advertise.html (Status: 200)
/advertise.php (Status: 200)
/advertise.php4 (Status: 200)
/spam (Status: 200)
/spam.php4 (Status: 200)
/spam.html (Status: 200)
/spam.php (Status: 200)
/a (Status: 200)
/a.php4 (Status: 200)
/a.html (Status: 200)
/a.php (Status: 200)
/mail (Status: 200)
/mail.php (Status: 200)
/mail.php4 (Status: 200)
/mail.html (Status: 200)
/nav (Status: 200)
/nav.php (Status: 200)
/nav.php4 (Status: 200)
/nav.html (Status: 200)
/users (Status: 200)
/users.html (Status: 200)
/users.php (Status: 200)
/users.php4 (Status: 200)
/Images (Status: 200)
/Images.php (Status: 200)
/Images.php4 (Status: 200)
/Images.html (Status: 200)
/topics (Status: 200)
/topics.php (Status: 200)
/topics.php4 (Status: 200)
/topics.html (Status: 200)
/members (Status: 200)
/members.html (Status: 200)
/members.php (Status: 200)
/members.php4 (Status: 200)
/store (Status: 200)
/store.php (Status: 200)
/store.php4 (Status: 200)
/store.html (Status: 200)
/disclaimer (Status: 200)
/disclaimer.php (Status: 200)
/disclaimer.php4 (Status: 200)
/disclaimer.html (Status: 200)
/clear (Status: 200)
/clear.php (Status: 200)
/clear.php4 (Status: 200)
/clear.html (Status: 200)
/feeds (Status: 200)
/feeds.php4 (Status: 200)
/feeds.html (Status: 200)
/feeds.php (Status: 200)
/c (Status: 200)
/c.php (Status: 200)
/c.php4 (Status: 200)
/c.html (Status: 200)
/awards (Status: 200)
/awards.php (Status: 200)
/awards.php4 (Status: 200)
/awards.html (Status: 200)
/2002 (Status: 200)
/2002.php4 (Status: 200)
/2002.html (Status: 200)
/2002.php (Status: 200)
/Default (Status: 200)
/Default.html (Status: 200)
/Default.php (Status: 200)
/Default.php4 (Status: 200)
/general (Status: 200)
/general.php (Status: 200)
/general.php4 (Status: 200)
/general.html (Status: 200)
/pics (Status: 200)
/pics.php (Status: 200)
/pics.php4 (Status: 200)
/pics.html (Status: 200)
/signup (Status: 200)
/signup.php (Status: 200)
/signup.php4 (Status: 200)
/signup.html (Status: 200)
/dir (Status: 200)
/dir.php (Status: 200)
/dir.php4 (Status: 200)
/dir.html (Status: 200)
/solutions (Status: 200)
/solutions.php4 (Status: 200)
/solutions.html (Status: 200)
/solutions.php (Status: 200)
/map (Status: 200)
/map.php4 (Status: 200)
/map.html (Status: 200)
/map.php (Status: 200)
/News (Status: 200)
/News.php (Status: 200)
/News.php4 (Status: 200)
/News.html (Status: 200)
/public (Status: 200)
/public.php (Status: 200)
/public.php4 (Status: 200)
/public.html (Status: 200)
/doc (Status: 200)
/doc.php (Status: 200)
/doc.php4 (Status: 200)
/doc.html (Status: 200)
/de (Status: 200)
/de.php (Status: 200)
/de.php4 (Status: 200)
/de.html (Status: 200)
/weblog (Status: 200)
/weblog.php (Status: 200)
/weblog.php4 (Status: 200)
/weblog.html (Status: 200)
/index2 (Status: 200)
/index2.php (Status: 200)
/index2.php4 (Status: 200)
/index2.html (Status: 200)
/shop (Status: 200)
/shop.php (Status: 200)
/shop.php4 (Status: 200)
/shop.html (Status: 200)
/contacts (Status: 200)
/contacts.php (Status: 200)
/contacts.php4 (Status: 200)
/contacts.html (Status: 200)
/homepage (Status: 200)
/homepage.php (Status: 200)
/homepage.php4 (Status: 200)
/homepage.html (Status: 200)
/fr (Status: 200)
/fr.html (Status: 200)
/fr.php (Status: 200)
/fr.php4 (Status: 200)
/button (Status: 200)
/button.php (Status: 200)
/button.php4 (Status: 200)
/button.html (Status: 200)
/travel (Status: 200)
/travel.php (Status: 200)
/travel.php4 (Status: 200)
/travel.html (Status: 200)
/list (Status: 200)
/list.html (Status: 200)
/list.php (Status: 200)
/list.php4 (Status: 200)
/pixel (Status: 200)
/pixel.php (Status: 200)
/pixel.php4 (Status: 200)
/pixel.html (Status: 200)
/viewtopic (Status: 200)
/viewtopic.html (Status: 200)
/viewtopic.php (Status: 200)
/viewtopic.php4 (Status: 200)
/documents (Status: 200)
/documents.html (Status: 200)
/documents.php (Status: 200)
/documents.php4 (Status: 200)
/overview (Status: 200)
/overview.html (Status: 200)
/overview.php (Status: 200)
/overview.php4 (Status: 200)
/adclick (Status: 200)
/adclick.html (Status: 200)
/adclick.php (Status: 200)
/adclick.php4 (Status: 200)
/contact_us (Status: 200)
/contact_us.html (Status: 200)
/contact_us.php (Status: 200)
/contact_us.php4 (Status: 200)
/tips (Status: 200)
/tips.php (Status: 200)
/tips.php4 (Status: 200)
/tips.html (Status: 200)
/movies (Status: 200)
/movies.php (Status: 200)
/movies.php4 (Status: 200)
/movies.html (Status: 200)
/wp-content (Status: 200)
/wp-content.php (Status: 200)
/wp-content.php4 (Status: 200)
/wp-content.html (Status: 200)
/catalog (Status: 200)
/catalog.php (Status: 200)
/catalog.php4 (Status: 200)
/catalog.html (Status: 200)
/us (Status: 200)
/us.php (Status: 200)
/us.php4 (Status: 200)
/us.html (Status: 200)
/p (Status: 200)
/p.php4 (Status: 200)
/p.html (Status: 200)
/p.php (Status: 200)
/hardware (Status: 200)
/hardware.php (Status: 200)
/hardware.php4 (Status: 200)
/hardware.html (Status: 200)
/wireless (Status: 200)
/wireless.php (Status: 200)
/wireless.php4 (Status: 200)
/wireless.html (Status: 200)
/global (Status: 200)
/global.php4 (Status: 200)
/global.html (Status: 200)
/global.php (Status: 200)
/staff (Status: 200)
/staff.php4 (Status: 200)
/staff.html (Status: 200)
/staff.php (Status: 200)
/screenshots (Status: 200)
/screenshots.php (Status: 200)
/screenshots.php4 (Status: 200)
/screenshots.html (Status: 200)
/online (Status: 200)
/online.php (Status: 200)
/online.php4 (Status: 200)
/online.html (Status: 200)
/apps (Status: 200)
/apps.php (Status: 200)
/apps.php4 (Status: 200)
/apps.html (Status: 200)
/version (Status: 200)
/version.php (Status: 200)
/version.php4 (Status: 200)
/version.html (Status: 200)
/directory (Status: 200)
/directory.php (Status: 200)
/directory.php4 (Status: 200)
/directory.html (Status: 200)
/mobile (Status: 200)
/mobile.php4 (Status: 200)
/mobile.html (Status: 200)
/mobile.php (Status: 200)
/other (Status: 200)
/other.php (Status: 200)
/other.php4 (Status: 200)
/other.html (Status: 200)
/advertising (Status: 200)
/advertising.php (Status: 200)
/advertising.php4 (Status: 200)
/advertising.html (Status: 200)
/tech (Status: 200)
/tech.php (Status: 200)
/tech.php4 (Status: 200)
/tech.html (Status: 200)
/welcome (Status: 200)
/welcome.php4 (Status: 200)
/welcome.html (Status: 200)
/welcome.php (Status: 200)
/admin (Status: 200)
/admin.php (Status: 200)
/admin.php4 (Status: 200)
/admin.html (Status: 200)
/t (Status: 200)
/t.php4 (Status: 200)
/t.html (Status: 200)
/t.php (Status: 200)
/policy (Status: 200)
/policy.php (Status: 200)
/policy.php4 (Status: 200)
/policy.html (Status: 200)
/faqs (Status: 200)
/faqs.php (Status: 200)
/faqs.php4 (Status: 200)
/faqs.html (Status: 200)
/2001 (Status: 200)
/2001.php4 (Status: 200)
/2001.html (Status: 200)
/2001.php (Status: 200)
/link (Status: 200)
/link.php (Status: 200)
/link.php4 (Status: 200)
/link.html (Status: 200)
/training (Status: 200)
/training.php4 (Status: 200)
/training.html (Status: 200)
/training.php (Status: 200)
/releases (Status: 200)
/releases.php (Status: 200)
/releases.php4 (Status: 200)
/releases.html (Status: 200)
/member (Status: 200)
/member.php4 (Status: 200)
/member.html (Status: 200)
/member.php (Status: 200)
/space (Status: 200)
/space.php (Status: 200)
/space.php4 (Status: 200)
/space.html (Status: 200)
/health (Status: 200)
/health.php (Status: 200)
/health.php4 (Status: 200)
/health.html (Status: 200)
/join (Status: 200)
/join.php (Status: 200)
/join.php4 (Status: 200)
/join.html (Status: 200)
/static (Status: 200)
/static.html (Status: 200)
/static.php (Status: 200)
/static.php4 (Status: 200)
/weather (Status: 200)
/weather.html (Status: 200)
/weather.php (Status: 200)
/weather.php4 (Status: 200)
/reports (Status: 200)
/reports.php (Status: 200)
/reports.php4 (Status: 200)
/reports.html (Status: 200)
/scripts (Status: 200)
/scripts.php4 (Status: 200)
/scripts.html (Status: 200)
/scripts.php (Status: 200)
/browse (Status: 200)
/browse.php (Status: 200)
/browse.php4 (Status: 200)
/browse.html (Status: 200)
/windows (Status: 200)
/windows.php4 (Status: 200)
/windows.html (Status: 200)
/windows.php (Status: 200)
/showallsites (Status: 200)
/showallsites.php4 (Status: 200)
/showallsites.html (Status: 200)
/showallsites.php (Status: 200)
/programs (Status: 200)
/programs.php (Status: 200)
/programs.php4 (Status: 200)
/programs.html (Status: 200)
/FireFox_Reco (Status: 200)
/FireFox_Reco.html (Status: 200)
/FireFox_Reco.php (Status: 200)
/FireFox_Reco.php4 (Status: 200)
/EWbutton_GuestBook (Status: 200)
/EWbutton_GuestBook.php (Status: 200)
/EWbutton_GuestBook.php4 (Status: 200)
/EWbutton_GuestBook.html (Status: 200)
/menu (Status: 200)
/menu.php (Status: 200)
/menu.php4 (Status: 200)
/menu.html (Status: 200)
/EuropeMirror (Status: 200)
/EuropeMirror.html (Status: 200)
/EuropeMirror.php (Status: 200)
/EuropeMirror.php4 (Status: 200)
/EWbutton_Community (Status: 200)
/EWbutton_Community.php (Status: 200)
/EWbutton_Community.php4 (Status: 200)
/EWbutton_Community.html (Status: 200)
/2000 (Status: 200)
/2000.php (Status: 200)
/2000.php4 (Status: 200)
/2000.html (Status: 200)
/entertainment (Status: 200)
/entertainment.php (Status: 200)
/entertainment.php4 (Status: 200)
/entertainment.html (Status: 200)
/newsletters (Status: 200)
/newsletters.php (Status: 200)
/newsletters.php4 (Status: 200)
/newsletters.html (Status: 200)
/Home (Status: 200)
/Home.php (Status: 200)
/Home.php4 (Status: 200)
/Home.html (Status: 200)
/pr (Status: 200)
/pr.html (Status: 200)
/pr.php (Status: 200)
/pr.php4 (Status: 200)
/32 (Status: 200)
/32.php (Status: 200)
/32.php4 (Status: 200)
/32.html (Status: 200)
/categories (Status: 200)
/categories.html (Status: 200)
/categories.php (Status: 200)
/categories.php4 (Status: 200)
/strona_6 (Status: 200)
/detail (Status: 200)
/strona_11 (Status: 200)
/strona_11.html (Status: 200)
/strona_11.php (Status: 200)
/detail.php (Status: 200)
/detail.php4 (Status: 200)
