/.htaccess (Status: 403)
/.htaccess.cgi (Status: 403)
/.htaccess.pl (Status: 403)
/.htaccess.sh (Status: 403)
/. (Status: 403)
/.html (Status: 403)
/.html.cgi (Status: 403)
/.html.pl (Status: 403)
/.html.sh (Status: 403)
/.htpasswd (Status: 403)
/.htpasswd.cgi (Status: 403)
/.htpasswd.pl (Status: 403)
/.htpasswd.sh (Status: 403)
/.htm (Status: 403)
/.htm.cgi (Status: 403)
/.htm.pl (Status: 403)
/.htm.sh (Status: 403)
/.htpasswds (Status: 403)
/.htpasswds.sh (Status: 403)
/.htpasswds.cgi (Status: 403)
/.htpasswds.pl (Status: 403)
/.htgroup (Status: 403)
/.htgroup.cgi (Status: 403)
/.htgroup.pl (Status: 403)
/.htgroup.sh (Status: 403)
/.htaccess.bak (Status: 403)
/.htaccess.bak.pl (Status: 403)
/.htaccess.bak.sh (Status: 403)
/.htaccess.bak.cgi (Status: 403)
/.htuser (Status: 403)
/.htuser.cgi (Status: 403)
/.htuser.pl (Status: 403)
/.htuser.sh (Status: 403)
/.ht (Status: 403)
/.ht.cgi (Status: 403)
/.ht.pl (Status: 403)
/.ht.sh (Status: 403)
/.htc (Status: 403)
/.htc.cgi (Status: 403)
/.htc.pl (Status: 403)
/.htc.sh (Status: 403)
/.htaccess.old (Status: 403)
/.htaccess.old.cgi (Status: 403)
/.htaccess.old.pl (Status: 403)
/.htaccess.old.sh (Status: 403)
/.htacess (Status: 403)
/.htacess.cgi (Status: 403)
/.htacess.pl (Status: 403)
/.htacess.sh (Status: 403)
