
-----------------
DIRB v2.22    
By The Dark Raver
-----------------

OUTPUT_FILE: dirb/dirb.log
START_TIME: Wed Jul 29 19:16:52 2020
URL_BASE: http://cronos.htb/
WORDLIST_FILES: /usr/share/dirb/wordlists/common.txt

-----------------

GENERATED WORDS: 4612

---- Scanning URL: http://cronos.htb/ ----
==> DIRECTORY: http://cronos.htb/css/
+ http://cronos.htb/favicon.ico (CODE:200|SIZE:0)
+ http://cronos.htb/index.php (CODE:200|SIZE:2319)
==> DIRECTORY: http://cronos.htb/js/
+ http://cronos.htb/robots.txt (CODE:200|SIZE:24)
+ http://cronos.htb/server-status (CODE:403|SIZE:298)
+ http://cronos.htb/web.config (CODE:200|SIZE:914)

---- Entering directory: http://cronos.htb/css/ ----
(!) WARNING: Directory IS LISTABLE. No need to scan it.
    (Use mode '-w' if you want to scan it anyway)

---- Entering directory: http://cronos.htb/js/ ----
(!) WARNING: Directory IS LISTABLE. No need to scan it.
    (Use mode '-w' if you want to scan it anyway)

-----------------
END_TIME: Wed Jul 29 19:19:12 2020
DOWNLOADED: 4612 - FOUND: 5
